Reboot
[Sat Jul  7 05:09:05 2018] 'Guizmo Trempton' a vérifié la carte d'identité de 'Mathis Viau'.
[Sat Jul  7 05:09:16 2018] 'Guizmo Trempton' a vérifié la carte d'identité de 'Mathis Viau'.
[Sat Jul  7 05:09:52 2018] 'Guizmo Trempton' a envoyé une amende à 'Mathis Viau'. (3000$) 
[Sat Jul  7 05:09:59 2018] 'Mathis Viau' a payé une amende qui a été envoyé par 'Guizmo Trempton'. (3000$)
[Sat Jul  7 05:12:12 2018] 'Guizmo Trempton' a vérifié la carte d'identité de 'Mathis Viau'.
[Sat Jul  7 05:14:15 2018] 'Guizmo Trempton' a vérifié la carte d'identité de 'Mathis Viau'.
[Sat Jul  7 05:14:15 2018] 'Guizmo Trempton' a fouillé 'Mathis Viau'.
[Sat Jul  7 05:41:02 2018] 'Guizmo Trempton' a vérifié la carte d'identité de 'Christopher Durham'.
[Sat Jul  7 05:41:54 2018] 'Guizmo Trempton' a envoyé une amende à 'Christopher Durham'. (5000$) 
[Sat Jul  7 05:42:05 2018] 'Christopher Durham' a payé une amende qui a été envoyé par 'Guizmo Trempton'. (5000$)
[Sat Jul  7 06:48:46 2018] 'Miky Lafon' a vérifié la carte d'identité de 'DWIPRIZZY'.
[Sat Jul  7 06:59:24 2018] 'Bob Latouche' a vérifié la carte d'identité de 'marco miller'.
[Sat Jul  7 07:36:22 2018] 'Bob Latouche' a vérifié la carte d'identité de 'marco miller'.
[Sat Jul  7 16:36:32 2018] 'Jade Perron' à pris un arme dans l'armurerie du commissariat.
[Sat Jul  7 16:36:34 2018] 'Jade Perron' à pris un arme dans l'armurerie du commissariat.
[Sat Jul  7 16:36:35 2018] 'Jade Perron' à pris un arme dans l'armurerie du commissariat.
[Sat Jul  7 18:46:48 2018] 'Jade Perron' a vérifié la carte d'identité de 'Bob Latouche'.
[Sat Jul  7 18:47:48 2018] 'Jade Perron' a vérifié la carte d'identité de 'Bob Latouche'.
[Sat Jul  7 18:47:48 2018] 'Jade Perron' a fouillé 'Bob Latouche'.
Reboot
[Sat Jul  7 20:21:50 2018] 'Miky Lafon' a vérifié la carte d'identité de 'DrShampoo'.
[Sat Jul  7 20:22:07 2018] 'Miky Lafon' a vérifié la carte d'identité de 'DrShampoo'.
[Sat Jul  7 20:46:00 2018] 'Bob Latouche' a vérifié la carte d'identité de 'David Henner'.
[Sat Jul  7 20:49:17 2018] 'Bob Latouche' a vérifié la carte d'identité de 'Pablo Escobar'.
[Sat Jul  7 20:53:23 2018] 'Bob Latouche' a vérifié la carte d'identité de 'Bobby Latouche'.
[Sat Jul  7 23:30:47 2018] 'Bob Latouche' a vérifié la carte d'identité de 'Justin Babin'.
[Sat Jul  7 23:30:47 2018] 'Bob Latouche' a fouillé 'Justin Babin'.
[Sat Jul  7 23:30:54 2018] 'Bob Latouche' a confisqué 'Couteau' qui appartenait à 'Justin Babin'.
[Sat Jul  7 23:30:54 2018] 'Bob Latouche' a vérifié la carte d'identité de 'Justin Babin'.
[Sat Jul  7 23:30:54 2018] 'Bob Latouche' a fouillé 'Justin Babin'.
[Sat Jul  7 23:30:56 2018] 'Bob Latouche' a confisqué 'Pistolet' qui appartenait à 'Justin Babin'.
[Sat Jul  7 23:30:56 2018] 'Bob Latouche' a vérifié la carte d'identité de 'Justin Babin'.
[Sat Jul  7 23:30:57 2018] 'Bob Latouche' a fouillé 'Justin Babin'.
[Sat Jul  7 23:31:00 2018] 'Bob Latouche' a confisqué 'x5 Chargeur' qui appartenait à 'Justin Babin'.
[Sat Jul  7 23:31:00 2018] 'Bob Latouche' a vérifié la carte d'identité de 'Justin Babin'.
[Sat Jul  7 23:31:00 2018] 'Bob Latouche' a fouillé 'Justin Babin'.
[Sat Jul  7 23:31:02 2018] 'Bob Latouche' a confisqué 'x1 Silencieux à usage unique' qui appartenait à 'Justin Babin'.
[Sat Jul  7 23:31:02 2018] 'Bob Latouche' a vérifié la carte d'identité de 'Justin Babin'.
[Sat Jul  7 23:31:03 2018] 'Bob Latouche' a fouillé 'Justin Babin'.
[Sun Jul  8 00:27:05 2018] 'Bob Latouche' a envoyé une amende à 'Mathis Viau'. (500$) 
[Sun Jul  8 00:46:03 2018] 'Radomir Bravinovic' a vérifié la carte d'identité de 'Peter Mctavish'.
[Sun Jul  8 00:46:11 2018] 'Radomir Bravinovic' a vérifié la carte d'identité de 'Peter Mctavish'.
[Sun Jul  8 00:46:21 2018] 'Radomir Bravinovic' a vérifié la carte d'identité de 'Peter Mctavish'.
[Sun Jul  8 00:46:22 2018] 'Radomir Bravinovic' a fouillé 'Peter Mctavish'.
[Sun Jul  8 01:09:56 2018] 'Bob Latouche' a vérifié la carte d'identité de 'Peter Mctavish'.
[Sun Jul  8 02:23:23 2018] 'Bob Latouche' a vérifié la carte d'identité de 'John Weiser'.
[Sun Jul  8 02:27:35 2018] 'Bob Latouche' a vérifié la carte d'identité de 'Peter Mctavish'.
[Sun Jul  8 02:29:55 2018] 'Bob Latouche' a envoyé une amende à 'Peter Mctavish'. (3000$) 
[Sun Jul  8 02:30:38 2018] 'Peter Mctavish' a payé une amende qui a été envoyé par 'Bob Latouche'. (3000$)
[Sun Jul  8 02:39:47 2018] 'Bob Latouche' a envoyé une amende à 'John Weiser'. (7500$) 
[Sun Jul  8 02:40:17 2018] 'John Weiser' a payé une amende qui a été envoyé par 'Bob Latouche'. (7500$)
[Sun Jul  8 03:08:55 2018] 'Miky Lafon' a vérifié la carte d'identité de 'Radomir Bravinovic'.
[Sun Jul  8 03:09:16 2018] 'Miky Lafon' a envoyé une amende à 'Radomir Bravinovic'. (7500$) 
[Sun Jul  8 03:09:21 2018] 'Radomir Bravinovic' a payé une amende qui a été envoyé par 'Miky Lafon'. (7500$)
[Sun Jul  8 03:32:39 2018] 'Miky Lafon' a vérifié la carte d'identité de 'Christopher Durham'.
[Sun Jul  8 03:32:39 2018] 'Miky Lafon' a fouillé 'Christopher Durham'.
[Sun Jul  8 03:45:58 2018] 'Bob Bissonette' à pris un arme dans l'armurerie du commissariat.
[Sun Jul  8 03:46:00 2018] 'Bob Bissonette' a rajouté un arme dans l'armurerie du commissariat. 
[Sun Jul  8 03:46:00 2018] 'Bob Bissonette' à pris un arme dans l'armurerie du commissariat.
[Sun Jul  8 03:46:06 2018] 'Bob Bissonette' a rajouté un arme dans l'armurerie du commissariat. 
[Sun Jul  8 03:46:06 2018] 'Bob Bissonette' à pris un arme dans l'armurerie du commissariat.
[Sun Jul  8 03:46:09 2018] 'Bob Bissonette' a rajouté un arme dans l'armurerie du commissariat. 
[Sun Jul  8 03:46:09 2018] 'Bob Bissonette' à pris un arme dans l'armurerie du commissariat.
[Sun Jul  8 03:46:14 2018] 'Bob Bissonette' a rajouté un arme dans l'armurerie du commissariat. 
[Sun Jul  8 03:46:14 2018] 'Bob Bissonette' à pris un arme dans l'armurerie du commissariat.
[Sun Jul  8 03:46:19 2018] 'Bob Bissonette' a rajouté un arme dans l'armurerie du commissariat. 
[Sun Jul  8 03:46:19 2018] 'Bob Bissonette' à pris un arme dans l'armurerie du commissariat.
[Sun Jul  8 03:46:22 2018] 'Bob Bissonette' à pris un arme dans l'armurerie du commissariat.
[Sun Jul  8 03:46:24 2018] 'Bob Bissonette' à pris un arme dans l'armurerie du commissariat.
[Sun Jul  8 03:46:26 2018] 'Bob Bissonette' à pris un arme dans l'armurerie du commissariat.
[Sun Jul  8 03:46:27 2018] 'Bob Bissonette' à pris un arme dans l'armurerie du commissariat.
[Sun Jul  8 03:46:28 2018] 'Bob Bissonette' à pris un arme dans l'armurerie du commissariat.
[Sun Jul  8 03:46:29 2018] 'Bob Bissonette' à pris un arme dans l'armurerie du commissariat.
[Sun Jul  8 04:14:36 2018] 'Miky Lafon' a vérifié la carte d'identité de 'Anto LeBeau'.
[Sun Jul  8 04:41:27 2018] 'Bob Latouche' a vérifié la carte d'identité de 'Matt Stanford'.
[Sun Jul  8 04:42:02 2018] 'Bob Latouche' a envoyé une amende à 'Matt Stanford'. (2000$) 
[Sun Jul  8 04:42:44 2018] 'Matt Stanford' a payé une amende qui a été envoyé par 'Bob Latouche'. (2000$)
[Sun Jul  8 04:45:42 2018] 'Miky Lafon' a vérifié la carte d'identité de 'Matt Stanford'.
[Sun Jul  8 04:46:09 2018] 'Miky Lafon' a envoyé une amende à 'Matt Stanford'. (7500$) 
[Sun Jul  8 04:46:12 2018] 'Matt Stanford' a payé une amende qui a été envoyé par 'Miky Lafon'. (7500$)
[Sun Jul  8 04:47:04 2018] 'Bob Latouche' a vérifié la carte d'identité de 'Justin Babin'.
[Sun Jul  8 05:00:18 2018] 'Bob Latouche' a vérifié la carte d'identité de 'Peter Mctavish'.
[Sun Jul  8 05:00:50 2018] 'Bob Latouche' a envoyé une amende à 'Peter Mctavish'. (7500$) 
[Sun Jul  8 05:01:05 2018] 'Peter Mctavish' a payé une amende qui a été envoyé par 'Bob Latouche'. (7500$)
[Sun Jul  8 05:05:31 2018] 'Bob Latouche' a vérifié la carte d'identité de 'Fortini Rodriguez'.
[Sun Jul  8 05:06:42 2018] 'Bob Latouche' a envoyé une amende à 'Fortini Rodriguez'. (2000$) 
[Sun Jul  8 05:06:47 2018] 'Fortini Rodriguez' a payé une amende qui a été envoyé par 'Bob Latouche'. (2000$)
[Sun Jul  8 05:19:07 2018] 'Miky Lafon' a vérifié la carte d'identité de 'Alex Tremblay'.
[Sun Jul  8 05:19:07 2018] 'Miky Lafon' a fouillé 'Alex Tremblay'.
[Sun Jul  8 05:20:04 2018] 'Miky Lafon' a vérifié la carte d'identité de 'Alex Tremblay'.
Reboot
Reboot
Reboot
Reboot
Reboot
Reboot
Reboot
Reboot
Reboot
Reboot
Reboot
Reboot
Reboot
Reboot
Reboot
Reboot
Reboot
Reboot
Reboot
Reboot
Reboot
Reboot
Reboot
Reboot
Reboot
Reboot
Reboot
Reboot
Reboot
Reboot
Reboot
Reboot
Reboot
Reboot
Reboot
Reboot
Reboot
Reboot
Reboot
Reboot
Reboot
Reboot
Reboot
Reboot
Reboot
Reboot
Reboot
Reboot
Reboot
Reboot
Reboot
Reboot
Reboot
Reboot
Reboot
Reboot
Reboot
Reboot
Reboot
Reboot
Reboot
Reboot
Reboot
Reboot
Reboot
Reboot
Reboot
Reboot
Reboot
Reboot
Reboot
Reboot
Reboot
Reboot
Reboot
Reboot
Reboot
Reboot
Reboot
Reboot
Reboot
Reboot
Reboot
Reboot
Reboot
Reboot
Reboot
Reboot
Reboot
Reboot
Reboot
Reboot
Reboot
Reboot
Reboot
