Reboot
[Sat Jul  7 04:24:06 2018] 'Anto LeBeau' a envoyé une facture à 'Edward Zito'. (2500$) 
[Sat Jul  7 05:04:59 2018] 'Anto LeBeau' a envoyé une facture à 'Merle Dixon'. (5000$) 
[Sat Jul  7 05:05:06 2018] 'Merle Dixon' a payé une facture qui a été envoyé par 'Anto LeBeau'. (5000$)
[Sat Jul  7 05:38:16 2018] 'Anto LeBeau' a envoyé une facture à 'Sebastian Théodorescu'. (2500$) 
[Sat Jul  7 05:38:21 2018] 'Sebastian Théodorescu' a payé une facture qui a été envoyé par 'Anto LeBeau'. (2500$)
Reboot
[Sun Jul  8 03:08:43 2018] 'Anto LeBeau' a envoyé une facture à 'Peter Mctavish'. (2500$) 
[Sun Jul  8 03:08:49 2018] 'Peter Mctavish' a payé une facture qui a été envoyé par 'Anto LeBeau'. (2500$)
[Sun Jul  8 03:45:56 2018] 'Anto LeBeau' a envoyé une facture à 'David Henner'. (2500$) 
[Sun Jul  8 03:46:01 2018] 'David Henner' a payé une facture qui a été envoyé par 'Anto LeBeau'. (2500$)
[Sun Jul  8 04:02:05 2018] 'Anto LeBeau' a envoyé une facture à 'Edward Zito'. (2500$) 
[Sun Jul  8 04:02:18 2018] 'Edward Zito' a payé une facture qui a été envoyé par 'Anto LeBeau'. (2500$)
[Sun Jul  8 04:17:19 2018] 'Anto LeBeau' a envoyé une facture à 'John Weiser'. (2500$) 
[Sun Jul  8 04:17:41 2018] 'John Weiser' a payé une facture qui a été envoyé par 'Anto LeBeau'. (2500$)
[Sun Jul  8 04:17:43 2018] 'John Weiser' a payé une facture qui a été envoyé par 'Anto LeBeau'. (2500$)
[Sun Jul  8 05:20:23 2018] 'Anto LeBeau' a envoyé une facture à 'Peter Mctavish'. (2500$) 
[Sun Jul  8 05:20:30 2018] 'Peter Mctavish' a payé une facture qui a été envoyé par 'Anto LeBeau'. (2500$)
Reboot
Reboot
Reboot
Reboot
Reboot
Reboot
Reboot
Reboot
Reboot
Reboot
Reboot
Reboot
Reboot
Reboot
Reboot
Reboot
Reboot
Reboot
Reboot
Reboot
Reboot
Reboot
Reboot
Reboot
Reboot
Reboot
Reboot
Reboot
Reboot
Reboot
Reboot
Reboot
Reboot
Reboot
Reboot
Reboot
Reboot
Reboot
Reboot
Reboot
Reboot
Reboot
Reboot
Reboot
Reboot
Reboot
Reboot
Reboot
Reboot
Reboot
Reboot
Reboot
Reboot
Reboot
Reboot
Reboot
Reboot
Reboot
Reboot
Reboot
Reboot
Reboot
Reboot
Reboot
Reboot
Reboot
Reboot
Reboot
Reboot
Reboot
Reboot
Reboot
Reboot
Reboot
Reboot
Reboot
Reboot
Reboot
Reboot
Reboot
Reboot
Reboot
Reboot
Reboot
Reboot
Reboot
Reboot
Reboot
Reboot
Reboot
Reboot
Reboot
Reboot
Reboot
Reboot
