Reboot
[Sat Jul  7 04:16:56 2018] 'Pedro Bautista' a vérifié la carte d'identité de 'David Henner'.
[Sat Jul  7 04:17:32 2018] 'xavier gauthier' a vérifié la carte d'identité de 'David Henner'.
[Sat Jul  7 04:19:14 2018] 'xavier gauthier' a vérifié la carte d'identité de 'David Henner'.
[Sat Jul  7 04:19:15 2018] 'xavier gauthier' a fouillé 'David Henner'.
[Sat Jul  7 04:19:26 2018] 'xavier gauthier' a confisqué 'Pistolet calibre 50' qui appartenait à 'David Henner'.
[Sat Jul  7 04:19:26 2018] 'xavier gauthier' a vérifié la carte d'identité de 'David Henner'.
[Sat Jul  7 04:19:26 2018] 'xavier gauthier' a fouillé 'David Henner'.
[Sat Jul  7 04:19:55 2018] 'xavier gauthier' a vérifié la carte d'identité de 'David Henner'.
[Sat Jul  7 04:19:55 2018] 'xavier gauthier' a fouillé 'David Henner'.
[Sat Jul  7 04:20:44 2018] 'xavier gauthier' a vérifié la carte d'identité de 'David Henner'.
[Sat Jul  7 04:20:45 2018] 'xavier gauthier' a fouillé 'David Henner'.
[Sat Jul  7 04:20:57 2018] 'xavier gauthier' a confisqué 'Carabine spéciale' qui appartenait à 'David Henner'.
[Sat Jul  7 04:20:57 2018] 'xavier gauthier' a vérifié la carte d'identité de 'David Henner'.
[Sat Jul  7 04:20:58 2018] 'xavier gauthier' a fouillé 'David Henner'.
[Sat Jul  7 04:21:47 2018] 'xavier gauthier' a vérifié la carte d'identité de 'David Henner'.
[Sat Jul  7 04:35:44 2018] 'Mamadou Lagonoway' a vérifié la carte d'identité de 'David Henner'.
[Sat Jul  7 04:35:56 2018] 'xavier gauthier' a rajouté un arme dans l'armurerie du commissariat. 
[Sat Jul  7 04:36:00 2018] 'xavier gauthier' a rajouté un arme dans l'armurerie du commissariat. 
[Sat Jul  7 04:36:03 2018] 'xavier gauthier' a rajouté un arme dans l'armurerie du commissariat. 
[Sat Jul  7 04:36:16 2018] 'Mamadou Lagonoway' a envoyé une amende à 'David Henner'. (7500$) 
[Sat Jul  7 04:36:21 2018] 'Mamadou Lagonoway' a envoyé une amende à 'David Henner'. (40000$) 
[Sat Jul  7 04:36:43 2018] 'Mamadou Lagonoway' a envoyé une amende à 'David Henner'. (10000$) 
[Sat Jul  7 04:37:10 2018] 'xavier gauthier' a rajouté un arme dans l'armurerie du commissariat. 
[Sat Jul  7 04:37:38 2018] 'Mamadou Lagonoway' a envoyé une amende à 'David Henner'. (70000$) 
[Sat Jul  7 04:38:52 2018] 'xavier gauthier' à pris un arme dans l'armurerie du commissariat.
[Sat Jul  7 04:38:57 2018] 'xavier gauthier' à pris un arme dans l'armurerie du commissariat.
[Sat Jul  7 04:38:58 2018] 'xavier gauthier' à pris un arme dans l'armurerie du commissariat.
[Sat Jul  7 04:43:21 2018] 'Samuel Roulaid' a vérifié la carte d'identité de 'Tony Lorenzo'.
[Sat Jul  7 05:01:48 2018] 'charlo dubois' a vérifié la carte d'identité de 'Matt Stanford'.
[Sat Jul  7 05:10:19 2018] 'Jimper Logan' a vérifié la carte d'identité de 'John Williams'.
[Sat Jul  7 05:11:45 2018] 'charlo dubois' a envoyé une amende à 'Matt Stanford'. (1850$) 
[Sat Jul  7 05:12:21 2018] 'Matt Stanford' a payé une amende qui a été envoyé par 'charlo dubois'. (1850$)
[Sat Jul  7 05:13:40 2018] 'charlo dubois' a vérifié la carte d'identité de 'Matt Stanford'.
[Sat Jul  7 05:19:21 2018] 'Tony Lorenzo' a vérifié la carte d'identité de 'John Williams'.
[Sat Jul  7 05:20:20 2018] 'David Henner' a payé une amende qui a été envoyé par 'Mamadou Lagonoway'. (40000$)
[Sat Jul  7 05:20:22 2018] 'David Henner' a payé une amende qui a été envoyé par 'Mamadou Lagonoway'. (70000$)
[Sat Jul  7 05:20:23 2018] 'David Henner' a payé une amende qui a été envoyé par 'Mamadou Lagonoway'. (10000$)
[Sat Jul  7 05:20:24 2018] 'David Henner' a payé une amende qui a été envoyé par 'Mamadou Lagonoway'. (7500$)
[Sat Jul  7 05:27:02 2018] 'xavier gauthier' a vérifié la carte d'identité de 'Mamadou Lagonoway'.
[Sat Jul  7 05:27:41 2018] 'Alex Garcio' a vérifié la carte d'identité de 'Christopher Durham'.
[Sat Jul  7 05:33:47 2018] 'Mamadou Lagonoway' a vérifié la carte d'identité de 'Wong Lei'.
[Sat Jul  7 05:33:47 2018] 'Mamadou Lagonoway' a vérifié la carte d'identité de 'Wong Lei'.
[Sat Jul  7 05:38:53 2018] 'Pedro Bautista' a vérifié la carte d'identité de 'iTof Meyachev'.
[Sat Jul  7 05:38:54 2018] 'Pedro Bautista' a fouillé 'iTof Meyachev'.
[Sat Jul  7 05:39:28 2018] 'Pedro Bautista' a confisqué 'Micro smg' qui appartenait à 'iTof Meyachev'.
[Sat Jul  7 05:39:28 2018] 'Pedro Bautista' a vérifié la carte d'identité de 'iTof Meyachev'.
[Sat Jul  7 05:39:29 2018] 'Pedro Bautista' a fouillé 'iTof Meyachev'.
[Sat Jul  7 05:39:31 2018] 'Pedro Bautista' a confisqué 'Fusil à pompe' qui appartenait à 'iTof Meyachev'.
[Sat Jul  7 05:39:31 2018] 'Pedro Bautista' a vérifié la carte d'identité de 'iTof Meyachev'.
[Sat Jul  7 05:39:31 2018] 'Pedro Bautista' a fouillé 'iTof Meyachev'.
[Sat Jul  7 05:40:33 2018] 'Tony Lorenzo' à pris un arme dans l'armurerie du commissariat.
[Sat Jul  7 05:40:34 2018] 'Tony Lorenzo' à pris un arme dans l'armurerie du commissariat.
[Sat Jul  7 05:42:08 2018] 'Mamadou Lagonoway' a vérifié la carte d'identité de 'Pablo Escobar'.
[Sat Jul  7 05:43:14 2018] 'Pedro Bautista' a envoyé une amende à 'iTof Meyachev'. (4000$) 
[Sat Jul  7 05:43:25 2018] 'Pedro Bautista' a envoyé une amende à 'iTof Meyachev'. (35500$) 
[Sat Jul  7 05:43:25 2018] 'iTof Meyachev' a payé une amende qui a été envoyé par 'Pedro Bautista'. (4000$)
[Sat Jul  7 05:43:30 2018] 'iTof Meyachev' a payé une amende qui a été envoyé par 'Pedro Bautista'. (35500$)
[Sat Jul  7 05:43:35 2018] 'Pedro Bautista' a envoyé une amende à 'iTof Meyachev'. (70000$) 
[Sat Jul  7 05:43:52 2018] 'iTof Meyachev' a payé une amende qui a été envoyé par 'Pedro Bautista'. (70000$)
[Sat Jul  7 05:44:17 2018] 'Pedro Bautista' a envoyé une amende à 'iTof Meyachev'. (10000$) 
[Sat Jul  7 05:44:32 2018] 'iTof Meyachev' a payé une amende qui a été envoyé par 'Pedro Bautista'. (10000$)
[Sat Jul  7 05:45:28 2018] 'Mamadou Lagonoway' a vérifié la carte d'identité de 'Pablo Escobar'.
[Sat Jul  7 05:45:28 2018] 'Mamadou Lagonoway' a fouillé 'Pablo Escobar'.
[Sat Jul  7 05:46:21 2018] 'Mamadou Lagonoway' a envoyé une amende à 'Pablo Escobar'. (7500$) 
[Sat Jul  7 05:46:33 2018] 'Pablo Escobar' a payé une amende qui a été envoyé par 'Mamadou Lagonoway'. (7500$)
[Sat Jul  7 05:52:06 2018] 'Mamadou Lagonoway' a vérifié la carte d'identité de 'Pedro Bautista'.
[Sat Jul  7 05:52:09 2018] 'Mamadou Lagonoway' a vérifié la carte d'identité de 'Mathis Viau'.
[Sat Jul  7 06:33:36 2018] 'Mamadou Lagonoway' a vérifié la carte d'identité de 'Lexxah Fox'.
[Sat Jul  7 06:34:22 2018] 'Mamadou Lagonoway' a vérifié la carte d'identité de 'charlo dubois'.
[Sat Jul  7 06:34:26 2018] 'Mamadou Lagonoway' a vérifié la carte d'identité de 'marco miller'.
[Sat Jul  7 06:58:50 2018] 'xavier gauthier' a vérifié la carte d'identité de 'Mamadou Lagonoway'.
[Sat Jul  7 06:59:30 2018] 'Anastasiya Invankovv' a déposé 'x150 Coke' dans le coffre du commissariat.
[Sat Jul  7 06:59:34 2018] 'Mamadou Lagonoway' a vérifié la carte d'identité de 'xavier gauthier'.
[Sat Jul  7 06:59:35 2018] 'Mamadou Lagonoway' a fouillé 'xavier gauthier'.
[Sat Jul  7 06:59:35 2018] 'Anastasiya Invankovv' a déposé 'x65 Sachet de coke' dans le coffre du commissariat.
[Sat Jul  7 06:59:54 2018] 'Anastasiya Invankovv' a déposé 'x65 Sachet de coke' dans le coffre du commissariat.
[Sat Jul  7 18:28:36 2018] 'Faye Khadim' a vérifié la carte d'identité de 'Locky Dilinger'.
[Sat Jul  7 18:35:58 2018] 'Anastasiya Invankovv' a vérifié la carte d'identité de 'Luis Fernando Desito'.
[Sat Jul  7 18:35:59 2018] 'Anastasiya Invankovv' a fouillé 'Luis Fernando Desito'.
[Sat Jul  7 19:25:09 2018] 'Jimper Logan' a vérifié la carte d'identité de 'Pablo Escobar'.
[Sat Jul  7 19:32:18 2018] 'Jimper Logan' a déposé 'x112 Sachet de coke' dans le coffre du commissariat.
[Sat Jul  7 19:32:24 2018] 'Jimper Logan' a déposé 'x173 Sachet de meth' dans le coffre du commissariat.
[Sat Jul  7 19:32:31 2018] 'Jimper Logan' a déposé 'x500 ecstasy' dans le coffre du commissariat.
[Sat Jul  7 19:32:39 2018] 'Jimper Logan' a déposé 'x528 pilule d'ecstasy' dans le coffre du commissariat.
Reboot
