Reboot
[Sat Jul  7 04:06:38 2018] 'Douby Red' a réanimé 'Célestia Heartfilia'.
[Sat Jul  7 04:22:30 2018] 'Marcel Bilodeau' a réanimé 'David Henner'.
[Sat Jul  7 04:28:21 2018] 'Marcel Bilodeau' a envoyé une facture à 'David Henner'. (5000$) 
[Sat Jul  7 04:32:46 2018] 'David Henner' a payé une facture qui a été envoyé par 'Marcel Bilodeau'. (5000$)
[Sat Jul  7 04:37:38 2018] 'Edward Zito' a réanimé 'Bob Latouche'.
[Sat Jul  7 05:16:46 2018] 'Douby Red' a réanimé 'Pablo Escobar'.
[Sat Jul  7 05:25:02 2018] 'Wong Lei' a réanimé 'iTof Meyachev'.
[Sat Jul  7 05:25:26 2018] 'Wong Lei' a envoyé une facture à 'iTof Meyachev'. (50000$) 
[Sat Jul  7 05:25:36 2018] 'Merle Dixon' a réanimé 'Mamadou Lagonoway'.
[Sat Jul  7 05:29:48 2018] 'iTof Meyachev' a payé une facture qui a été envoyé par 'Wong Lei'. (50000$)
[Sat Jul  7 05:31:41 2018] 'Sebastian Théodorescu' a pris des 'medikit' dans la pharmacie de l'hôpital.
[Sat Jul  7 05:31:45 2018] 'Sebastian Théodorescu' a pris des 'bandage' dans la pharmacie de l'hôpital.
[Sat Jul  7 05:36:03 2018] 'Merle Dixon' a réanimé 'Pablo Escobar'.
[Sat Jul  7 05:36:21 2018] 'Merle Dixon' a envoyé une facture à 'Pablo Escobar'. (10000$) 
[Sat Jul  7 05:46:40 2018] 'Pablo Escobar' a payé une facture qui a été envoyé par 'Merle Dixon'. (10000$)
[Sat Jul  7 05:55:46 2018] 'Marco Quebec' a réanimé 'Roberto Desito'.
[Sat Jul  7 05:56:16 2018] 'Marco Quebec' a réanimé 'Luis Fernando Desito'.
[Sat Jul  7 06:26:35 2018] 'Wong Lei' a réanimé 'Alex Bouchard'.
[Sat Jul  7 06:37:16 2018] 'Wong Lei' a envoyé une facture à 'Alex Bouchard'. (10000$) 
[Sat Jul  7 06:37:20 2018] 'Alex Bouchard' a payé une facture qui a été envoyé par 'Wong Lei'. (10000$)
[Sat Jul  7 06:48:23 2018] 'Carl Mcfly' a pris des 'medikit' dans la pharmacie de l'hôpital.
[Sat Jul  7 06:58:13 2018] 'Wong Lei' a réanimé 'xavier gauthier'.
[Sat Jul  7 06:58:44 2018] 'Wong Lei' a soigné 'Pedro Bautista'.
[Sat Jul  7 07:00:40 2018] 'Wong Lei' a soigné 'Mamadou Lagonoway'.
[Sat Jul  7 07:06:02 2018] 'Carl Mcfly' a réanimé 'Wong Lei'.
[Sat Jul  7 07:06:31 2018] 'Wong Lei' a pris des 'bandage' dans la pharmacie de l'hôpital.
[Sat Jul  7 07:06:31 2018] 'Wong Lei' a pris des 'medikit' dans la pharmacie de l'hôpital.
[Sat Jul  7 07:37:49 2018] 'Carl Mcfly' a réanimé 'Marcel Bonin'.
[Sat Jul  7 07:38:38 2018] 'Carl Mcfly' a envoyé une facture à 'Marcel Bonin'. (5000$) 
[Sat Jul  7 07:38:42 2018] 'Marcel Bonin' a payé une facture qui a été envoyé par 'Carl Mcfly'. (5000$)
[Sat Jul  7 08:11:53 2018] 'Wong Lei' a réanimé 'angélica villeneuve'.
[Sat Jul  7 08:12:07 2018] 'Wong Lei' a envoyé une facture à 'angélica villeneuve'. (0$) 
[Sat Jul  7 08:12:13 2018] 'angélica villeneuve' a payé une facture qui a été envoyé par 'Wong Lei'. (0$)
[Sat Jul  7 08:14:38 2018] 'Wong Lei' a réanimé 'Nicolaos Polos'.
[Sat Jul  7 08:15:22 2018] 'Wong Lei' a pris des 'medikit' dans la pharmacie de l'hôpital.
[Sat Jul  7 19:07:20 2018] 'Edward Zito' a soigné 'Douby Red'.
[Sat Jul  7 19:12:01 2018] 'Math Pepser' a pris des 'medikit' dans la pharmacie de l'hôpital.
[Sat Jul  7 19:12:02 2018] 'Math Pepser' a pris des 'bandage' dans la pharmacie de l'hôpital.
Reboot
[Sat Jul  7 20:11:24 2018] 'Sebastian Théodorescu' a réanimé 'Alex Bouchard'.
[Sat Jul  7 20:12:23 2018] 'Sebastian Théodorescu' a envoyé une facture à 'Alex Bouchard'. (5000$) 
[Sat Jul  7 20:12:26 2018] 'Alex Bouchard' a payé une facture qui a été envoyé par 'Sebastian Théodorescu'. (5000$)
[Sat Jul  7 20:21:13 2018] 'Sebastian Théodorescu' a réanimé 'DrShampoo'.
[Sat Jul  7 20:23:41 2018] 'Sebastian Théodorescu' a envoyé une facture à 'DrShampoo'. (5000$) 
[Sat Jul  7 20:26:11 2018] 'Sebastian Théodorescu' a réanimé 'Jaen Mcool'.
[Sat Jul  7 20:33:01 2018] 'Sebastian Théodorescu' a envoyé une facture à 'Jaen Mcool'. (0$) 
[Sat Jul  7 20:33:09 2018] 'Jaen Mcool' a payé une facture qui a été envoyé par 'Sebastian Théodorescu'. (0$)
[Sat Jul  7 20:44:15 2018] 'Math Pepser' a réanimé 'Albert Pasquier'.
[Sat Jul  7 21:53:53 2018] 'Douby Red' a réanimé 'Pablo Escobar'.
[Sat Jul  7 21:53:58 2018] 'Douby Red' a réanimé 'Justin Babin'.
[Sat Jul  7 22:27:26 2018] 'Math Pepser' a réanimé 'Bobby Latouche'.
[Sat Jul  7 22:43:21 2018] 'Wong Lei' a envoyé une facture à 'Bob Latouche'. (10000$) 
[Sat Jul  7 22:43:31 2018] 'Bob Latouche' a payé une facture qui a été envoyé par 'Wong Lei'. (10000$)
[Sat Jul  7 22:46:23 2018] 'Edward Zito' a réanimé 'Alex Bouchard'.
[Sat Jul  7 22:53:04 2018] 'Wong Lei' a envoyé une facture à 'Alex Bouchard'. (25000$) 
[Sat Jul  7 22:55:36 2018] 'Dave White' a réanimé 'David Henner'.
[Sat Jul  7 22:58:27 2018] 'Edward Zito' a soigné 'David Henner'.
[Sat Jul  7 23:01:18 2018] 'Edward Zito' a envoyé une facture à 'David Henner'. (10000$) 
[Sat Jul  7 23:01:22 2018] 'David Henner' a payé une facture qui a été envoyé par 'Edward Zito'. (10000$)
[Sat Jul  7 23:03:15 2018] 'Alex Bouchard' a payé une facture qui a été envoyé par 'Wong Lei'. (25000$)
[Sat Jul  7 23:09:21 2018] 'Math Pepser' a réanimé 'Bob Laplante'.
[Sat Jul  7 23:11:06 2018] 'Math Pepser' a envoyé une facture à 'Bob Laplante'. (5000$) 
[Sat Jul  7 23:11:10 2018] 'Bob Laplante' a payé une facture qui a été envoyé par 'Math Pepser'. (5000$)
[Sat Jul  7 23:27:53 2018] 'Wong Lei' a réanimé 'Bob Laplante'.
[Sat Jul  7 23:28:35 2018] 'Wong Lei' a réanimé 'Justin Babin'.
[Sun Jul  8 00:17:38 2018] 'Dave White' a réanimé 'Pedro Bautista'.
[Sun Jul  8 00:24:00 2018] 'Nicolaos Polos' a réanimé 'Jimper Logan'.
[Sun Jul  8 00:25:22 2018] 'Dave White' a réanimé 'Wong Lei'.
[Sun Jul  8 00:30:27 2018] 'Wong Lei' a envoyé une facture à 'Jimper Logan'. (0$) 
[Sun Jul  8 00:30:32 2018] 'Jimper Logan' a payé une facture qui a été envoyé par 'Wong Lei'. (0$)
[Sun Jul  8 00:33:33 2018] 'Nicolaos Polos' a réanimé 'xavier gauthier'.
[Sun Jul  8 00:34:20 2018] 'Dave White' a réanimé 'John Falcooné'.
[Sun Jul  8 00:34:42 2018] 'Nicolaos Polos' a réanimé 'Jason Mcool'.
[Sun Jul  8 00:38:30 2018] 'Nicolaos Polos' a envoyé une facture à 'Jason Mcool'. (5000$) 
[Sun Jul  8 00:38:39 2018] 'Jason Mcool' a payé une facture qui a été envoyé par 'Nicolaos Polos'. (5000$)
[Sun Jul  8 01:12:21 2018] 'Nicolaos Polos' a réanimé 'Bobby Latouche'.
[Sun Jul  8 01:14:09 2018] 'Nicolaos Polos' a envoyé une facture à 'Bobby Latouche'. (5000$) 
[Sun Jul  8 01:14:13 2018] 'Bobby Latouche' a payé une facture qui a été envoyé par 'Nicolaos Polos'. (5000$)
[Sun Jul  8 01:17:57 2018] 'Edward Zito' a réanimé 'John Falcooné'.
[Sun Jul  8 01:22:31 2018] 'Wong Lei' a réanimé 'Sid Polos'.
[Sun Jul  8 01:24:08 2018] 'Wong Lei' a pris des 'medikit' dans la pharmacie de l'hôpital.
[Sun Jul  8 01:30:10 2018] 'Edward Zito' a pris des 'medikit' dans la pharmacie de l'hôpital.
[Sun Jul  8 01:30:11 2018] 'Edward Zito' a pris des 'bandage' dans la pharmacie de l'hôpital.
[Sun Jul  8 01:33:59 2018] 'Radomir Bravinovic' a réanimé 'Radomir Bravinovic'.
[Sun Jul  8 01:34:26 2018] 'Radomir Bravinovic' a réanimé 'Peter Mctavish'.
[Sun Jul  8 01:47:58 2018] 'Sebastian Théodorescu' a réanimé 'Marc Vine'.
[Sun Jul  8 01:52:34 2018] 'Sebastian Théodorescu' a envoyé une facture à 'Marc Vine'. (5000$) 
[Sun Jul  8 01:55:19 2018] 'Sebastian Théodorescu' a envoyé une facture à 'Marc Vine'. (5000$) 
[Sun Jul  8 01:55:48 2018] 'Marc Vine' a payé une facture qui a été envoyé par 'Sebastian Théodorescu'. (5000$)
[Sun Jul  8 02:09:38 2018] 'Sebastian Théodorescu' a pris des 'medikit' dans la pharmacie de l'hôpital.
[Sun Jul  8 02:09:41 2018] 'Marcel Durang' a pris des 'medikit' dans la pharmacie de l'hôpital.
[Sun Jul  8 02:09:44 2018] 'Marcel Durang' a pris des 'bandage' dans la pharmacie de l'hôpital.
[Sun Jul  8 02:27:25 2018] 'Sebastian Théodorescu' a réanimé 'Tony Santana'.
[Sun Jul  8 02:35:37 2018] 'Sebastian Théodorescu' a envoyé une facture à 'Tony Santana'. (5000$) 
[Sun Jul  8 02:35:41 2018] 'Sebastian Théodorescu' a envoyé une facture à 'Tony Santana'. (1000$) 
[Sun Jul  8 02:35:45 2018] 'Tony Santana' a payé une facture qui a été envoyé par 'Sebastian Théodorescu'. (5000$)
[Sun Jul  8 02:35:48 2018] 'Tony Santana' a payé une facture qui a été envoyé par 'Sebastian Théodorescu'. (1000$)
[Sun Jul  8 02:45:09 2018] 'Marcel Durang' a réanimé 'xavier gauthier'.
[Sun Jul  8 02:46:23 2018] 'Marcel Durang' a réanimé 'Samuel Roulaid'.
[Sun Jul  8 02:46:38 2018] 'Marcel Durang' a envoyé une facture à 'Samuel Roulaid'. (0$) 
[Sun Jul  8 02:47:18 2018] 'Samuel Roulaid' a payé une facture qui a été envoyé par 'Marcel Durang'. (0$)
[Sun Jul  8 03:15:10 2018] 'Pablo Barto' a réanimé 'Pablo Barto'.
[Sun Jul  8 03:24:24 2018] 'Pablo Barto' a réanimé 'Pablo Barto'.
[Sun Jul  8 03:58:06 2018] 'Radomir Bravinovic' a réanimé 'Peter Mctavish'.
[Sun Jul  8 05:00:58 2018] 'Dave White' a pris des 'medikit' dans la pharmacie de l'hôpital.
[Sun Jul  8 05:01:01 2018] 'Merle Dixon' a pris des 'medikit' dans la pharmacie de l'hôpital.
[Sun Jul  8 05:01:02 2018] 'Merle Dixon' a pris des 'bandage' dans la pharmacie de l'hôpital.
[Sun Jul  8 05:15:27 2018] 'Merle Dixon' a soigné 'Mamadou Lagonoway'.
[Sun Jul  8 05:16:05 2018] 'Merle Dixon' a soigné 'Mamadou Lagonoway'.
[Sun Jul  8 05:44:56 2018] 'Nicolaos Polos' a soigné 'charlo dubois'.
[Sun Jul  8 05:45:17 2018] 'Nicolaos Polos' a envoyé une facture à 'charlo dubois'. (0$) 
[Sun Jul  8 05:45:26 2018] 'charlo dubois' a payé une facture qui a été envoyé par 'Nicolaos Polos'. (0$)
[Sun Jul  8 05:50:06 2018] 'Nicolaos Polos' a envoyé une facture à 'Jimper Logan'. (0$) 
[Sun Jul  8 05:50:09 2018] 'Nicolaos Polos' a envoyé une facture à 'Jimper Logan'. (0$) 
[Sun Jul  8 05:50:13 2018] 'Jimper Logan' a payé une facture qui a été envoyé par 'Nicolaos Polos'. (0$)
[Sun Jul  8 05:50:14 2018] 'Jimper Logan' a payé une facture qui a été envoyé par 'Nicolaos Polos'. (0$)
[Sun Jul  8 06:06:12 2018] 'Nicolaos Polos' a réanimé 'Mamadou Lagonoway'.
[Sun Jul  8 06:12:32 2018] 'Nicolaos Polos' a envoyé une facture à 'Mamadou Lagonoway'. (10000$) 
[Sun Jul  8 06:12:40 2018] 'Mamadou Lagonoway' a payé une facture qui a été envoyé par 'Nicolaos Polos'. (10000$)
Reboot
Reboot
Reboot
Reboot
Reboot
Reboot
Reboot
Reboot
Reboot
Reboot
Reboot
Reboot
Reboot
Reboot
Reboot
Reboot
Reboot
Reboot
Reboot
Reboot
Reboot
Reboot
Reboot
Reboot
Reboot
Reboot
Reboot
Reboot
Reboot
Reboot
Reboot
Reboot
Reboot
Reboot
Reboot
Reboot
Reboot
Reboot
Reboot
Reboot
Reboot
Reboot
Reboot
Reboot
Reboot
Reboot
Reboot
Reboot
Reboot
Reboot
Reboot
Reboot
Reboot
Reboot
Reboot
Reboot
Reboot
Reboot
Reboot
Reboot
Reboot
Reboot
Reboot
Reboot
Reboot
Reboot
Reboot
Reboot
Reboot
Reboot
Reboot
Reboot
Reboot
Reboot
Reboot
Reboot
Reboot
[Sat Jul 14 13:32:21 2018] 'Mimi Moldavi' a réanimé 'Jimper Logan'.
[Sat Jul 14 13:32:54 2018] 'Mimi Moldavi' a réanimé 'Jimper Logan'.
[Sat Jul 14 13:33:21 2018] 'Mimi Moldavi' a réanimé 'Mimi Moldavi'.
Reboot
Reboot
Reboot
Reboot
Reboot
Reboot
Reboot
Reboot
Reboot
Reboot
Reboot
Reboot
Reboot
Reboot
Reboot
Reboot
Reboot
Reboot
