Reboot
[Sat Jul  7 04:37:36 2018] 'Ding Dong Un' a payé une modification au Benny's. (-1364$)
[Sat Jul  7 04:38:43 2018] 'Ding Dong Un' a payé une modification au Benny's. (-1736$)
[Sat Jul  7 04:44:24 2018] 'Ding Dong Un' a payé une modification au Benny's. (-107$)
[Sat Jul  7 04:44:26 2018] 'Ding Dong Un' a payé une modification au Benny's. (-256$)
[Sat Jul  7 04:44:29 2018] 'Ding Dong Un' a payé une modification au Benny's. (-256$)
[Sat Jul  7 04:44:31 2018] 'Ding Dong Un' a payé une modification au Benny's. (-507$)
[Sat Jul  7 04:45:26 2018] 'Ding Dong Un' a payé une modification au Benny's. (-42$)
[Sat Jul  7 04:45:43 2018] 'Ding Dong Un' a payé une modification au Benny's. (-72$)
[Sat Jul  7 04:46:15 2018] 'Ding Dong Un' a payé une modification au Benny's. (-72$)
[Sat Jul  7 04:46:21 2018] 'Ding Dong Un' a payé une modification au Benny's. (-72$)
[Sat Jul  7 04:46:26 2018] 'Ding Dong Un' a payé une modification au Benny's. (-72$)
[Sat Jul  7 04:46:32 2018] 'Ding Dong Un' a payé une modification au Benny's. (-72$)
[Sat Jul  7 04:47:03 2018] 'Ding Dong Un' a envoyé une facture à 'Merle Dixon'. (2500$) 
[Sat Jul  7 04:47:06 2018] 'Merle Dixon' a payé une facture qui a été envoyé par 'Ding Dong Un'. (2500$)
[Sat Jul  7 04:53:25 2018] 'Ding Dong Un' a payé une modification au Benny's. (-1364$)
[Sat Jul  7 04:58:14 2018] 'Ding Dong Un' a payé une modification au Benny's. (-560$)
[Sat Jul  7 05:05:31 2018] 'Ding Dong Un' a payé une modification au Benny's. (-4464$)
[Sat Jul  7 05:07:17 2018] 'Ding Dong Un' a payé une modification au Benny's. (-2557$)
[Sat Jul  7 05:08:09 2018] 'Ding Dong Un' a payé une modification au Benny's. (-1736$)
Reboot
[Sun Jul  8 02:24:03 2018] 'Bob Laplante' a payé une modification au Benny's. (-1800$)
[Sun Jul  8 02:24:26 2018] 'Bob Laplante' a payé une modification au Benny's. (-4764$)
[Sun Jul  8 02:24:32 2018] 'Bob Laplante' a payé une modification au Benny's. (-2384$)
[Sun Jul  8 02:24:34 2018] 'Bob Laplante' a payé une modification au Benny's. (-3755$)
[Sun Jul  8 02:24:41 2018] 'Bob Laplante' a payé une modification au Benny's. (-3905$)
[Sun Jul  8 02:25:09 2018] 'Bob Laplante' a payé une modification au Benny's. (-560$)
[Sun Jul  8 02:25:18 2018] 'Bob Laplante' a payé une modification au Benny's. (-330$)
[Sun Jul  8 02:25:43 2018] 'Bob Laplante' a payé une modification au Benny's. (-440$)
[Sun Jul  8 02:26:31 2018] 'Bob Laplante' a payé une modification au Benny's. (-330$)
[Sun Jul  8 02:27:07 2018] 'Bob Laplante' a payé une modification au Benny's. (-560$)
[Sun Jul  8 02:27:09 2018] 'Bob Laplante' a payé une modification au Benny's. (-1360$)
[Sun Jul  8 02:27:15 2018] 'Bob Laplante' a payé une modification au Benny's. (-560$)
[Sun Jul  8 02:27:38 2018] 'Bob Laplante' a envoyé une facture à 'Douby Red'. (26500$) 
[Sun Jul  8 02:27:50 2018] 'Douby Red' a payé une facture qui a été envoyé par 'Bob Laplante'. (26500$)
[Sun Jul  8 02:28:44 2018] 'Bob Laplante' a payé une modification au Benny's. (-1440$)
[Sun Jul  8 02:29:19 2018] 'Bob Laplante' a payé une modification au Benny's. (-1060$)
[Sun Jul  8 02:29:38 2018] 'Bob Laplante' a payé une modification au Benny's. (-1060$)
[Sun Jul  8 02:29:51 2018] 'Bob Laplante' a payé une modification au Benny's. (-848$)
[Sun Jul  8 02:30:18 2018] 'Bob Laplante' a payé une modification au Benny's. (-848$)
[Sun Jul  8 02:30:43 2018] 'Bob Laplante' a payé une modification au Benny's. (-848$)
[Sun Jul  8 02:31:05 2018] 'Bob Laplante' a payé une modification au Benny's. (-1676$)
[Sun Jul  8 02:31:20 2018] 'Bob Laplante' a payé une modification au Benny's. (-448$)
[Sun Jul  8 02:32:00 2018] 'Bob Laplante' a payé une modification au Benny's. (-448$)
[Sun Jul  8 02:32:09 2018] 'Bob Laplante' a payé une modification au Benny's. (-264$)
[Sun Jul  8 02:32:19 2018] 'Bob Laplante' a payé une modification au Benny's. (-264$)
[Sun Jul  8 02:32:43 2018] 'Bob Laplante' a payé une modification au Benny's. (-660$)
[Sun Jul  8 02:33:08 2018] 'Bob Laplante' a envoyé une facture à 'Kevin Samaire'. (12000$) 
[Sun Jul  8 02:33:13 2018] 'Kevin Samaire' a payé une facture qui a été envoyé par 'Bob Laplante'. (12000$)
[Sun Jul  8 04:10:06 2018] 'Marc Lemieux' a payé une modification au Benny's. (-49079$)
[Sun Jul  8 04:11:25 2018] 'Marc Lemieux' a payé une modification au Benny's. (-18540$)
[Sun Jul  8 04:11:35 2018] 'Marc Lemieux' a payé une modification au Benny's. (-5768$)
[Sun Jul  8 04:12:06 2018] 'Marc Lemieux' a envoyé une facture à 'Jaen Mcool'. (76000$) 
[Sun Jul  8 04:12:14 2018] 'Jaen Mcool' a payé une facture qui a été envoyé par 'Marc Lemieux'. (76000$)
[Sun Jul  8 04:12:44 2018] 'Marc Lemieux' a payé une modification au Benny's. (-1980$)
[Sun Jul  8 04:12:54 2018] 'Marc Lemieux' a payé une modification au Benny's. (-2623$)
[Sun Jul  8 04:12:58 2018] 'Marc Lemieux' a payé une modification au Benny's. (-4295$)
[Sun Jul  8 04:15:13 2018] 'Marc Lemieux' a payé une modification au Benny's. (-1419$)
[Sun Jul  8 04:16:17 2018] 'Marc Lemieux' a payé une modification au Benny's. (-616$)
[Sun Jul  8 04:16:20 2018] 'Marc Lemieux' a payé une modification au Benny's. (-616$)
[Sun Jul  8 04:16:32 2018] 'Marc Lemieux' a payé une modification au Benny's. (-616$)
[Sun Jul  8 04:16:50 2018] 'Marc Lemieux' a payé une modification au Benny's. (-484$)
[Sun Jul  8 04:17:08 2018] 'Marc Lemieux' a payé une modification au Benny's. (-605$)
[Sun Jul  8 04:18:07 2018] 'Marc Lemieux' a payé une modification au Benny's. (-907$)
[Sun Jul  8 04:18:33 2018] 'Marc Lemieux' a payé une modification au Benny's. (-616$)
[Sun Jul  8 04:19:24 2018] 'Marc Lemieux' a envoyé une facture à 'Zach Ablerto'. (23500$) 
[Sun Jul  8 04:19:31 2018] 'Zach Ablerto' a payé une facture qui a été envoyé par 'Marc Lemieux'. (23500$)
[Sun Jul  8 04:20:05 2018] 'Marc Lemieux' a payé une modification au Benny's. (-1260$)
[Sun Jul  8 04:20:06 2018] 'Marc Lemieux' a payé une modification au Benny's. (-3335$)
[Sun Jul  8 04:20:08 2018] 'Marc Lemieux' a payé une modification au Benny's. (-1669$)
[Sun Jul  8 04:20:09 2018] 'Marc Lemieux' a payé une modification au Benny's. (-2628$)
[Sun Jul  8 04:20:10 2018] 'Marc Lemieux' a payé une modification au Benny's. (-2733$)
[Sun Jul  8 04:20:36 2018] 'Marc Lemieux' a payé une modification au Benny's. (-927$)
[Sun Jul  8 04:20:48 2018] 'Marc Lemieux' a payé une modification au Benny's. (-927$)
[Sun Jul  8 04:21:01 2018] 'Marc Lemieux' a payé une modification au Benny's. (-1008$)
[Sun Jul  8 04:21:13 2018] 'Marc Lemieux' a payé une modification au Benny's. (-742$)
[Sun Jul  8 04:21:27 2018] 'Marc Lemieux' a payé une modification au Benny's. (-742$)
[Sun Jul  8 04:21:33 2018] 'Marc Lemieux' a payé une modification au Benny's. (-742$)
[Sun Jul  8 04:21:43 2018] 'Marc Lemieux' a payé une modification au Benny's. (-392$)
[Sun Jul  8 04:22:25 2018] 'Marc Lemieux' a payé une modification au Benny's. (-392$)
[Sun Jul  8 04:22:34 2018] 'Marc Lemieux' a payé une modification au Benny's. (-308$)
[Sun Jul  8 04:23:10 2018] 'Marc Lemieux' a payé une modification au Benny's. (-392$)
[Sun Jul  8 04:23:15 2018] 'Marc Lemieux' a payé une modification au Benny's. (-308$)
[Sun Jul  8 04:23:55 2018] 'Marc Lemieux' a payé une modification au Benny's. (-952$)
[Sun Jul  8 04:24:03 2018] 'Marc Lemieux' a payé une modification au Benny's. (-385$)
[Sun Jul  8 04:24:49 2018] 'Marc Lemieux' a payé une modification au Benny's. (-577$)
[Sun Jul  8 04:25:41 2018] 'Marc Lemieux' a payé une modification au Benny's. (-231$)
[Sun Jul  8 04:25:53 2018] 'Marc Lemieux' a payé une modification au Benny's. (-231$)
[Sun Jul  8 04:26:50 2018] 'Marc Lemieux' a envoyé une facture à 'Edward Zito'. (28500$) 
[Sun Jul  8 04:26:52 2018] 'Edward Zito' a payé une facture qui a été envoyé par 'Marc Lemieux'. (28500$)
[Sun Jul  8 04:34:35 2018] 'Marc Lemieux' a payé une modification au Benny's. (-43920$)
[Sun Jul  8 04:34:36 2018] 'Marc Lemieux' a payé une modification au Benny's. (-116266$)
[Sun Jul  8 04:34:41 2018] 'Marc Lemieux' a payé une modification au Benny's. (-58193$)
[Sun Jul  8 04:34:42 2018] 'Marc Lemieux' a payé une modification au Benny's. (-91622$)
[Sun Jul  8 04:34:43 2018] 'Marc Lemieux' a payé une modification au Benny's. (-95282$)
[Sun Jul  8 04:37:20 2018] 'Marc Lemieux' a payé une modification au Benny's. (-33184$)
[Sun Jul  8 04:37:34 2018] 'Marc Lemieux' a payé une modification au Benny's. (-8052$)
[Sun Jul  8 04:37:40 2018] 'Marc Lemieux' a payé une modification au Benny's. (-13664$)
[Sun Jul  8 04:38:39 2018] 'Marc Lemieux' a envoyé une facture à 'Matt Stanford'. (350000$) 
[Sun Jul  8 04:38:48 2018] 'Matt Stanford' a payé une facture qui a été envoyé par 'Marc Lemieux'. (350000$)
[Sun Jul  8 04:40:16 2018] 'Marc Lemieux' a payé une modification au Benny's. (-728$)
[Sun Jul  8 04:40:22 2018] 'Marc Lemieux' a payé une modification au Benny's. (-728$)
[Sun Jul  8 04:40:30 2018] 'Marc Lemieux' a payé une modification au Benny's. (-728$)
[Sun Jul  8 04:40:53 2018] 'Marc Lemieux' a envoyé une facture à 'Yann O'reilly'. (2500$) 
[Sun Jul  8 04:40:58 2018] 'Yann O'reilly' a payé une facture qui a été envoyé par 'Marc Lemieux'. (2500$)
[Sun Jul  8 04:51:50 2018] 'Marc Lemieux' a payé une modification au Benny's. (-560$)
[Sun Jul  8 04:53:50 2018] 'Marc Lemieux' a payé une modification au Benny's. (-2016$)
[Sun Jul  8 04:53:57 2018] 'Marc Lemieux' a payé une modification au Benny's. (-2016$)
[Sun Jul  8 04:54:16 2018] 'Marc Lemieux' a payé une modification au Benny's. (-4896$)
[Sun Jul  8 04:54:59 2018] 'Marc Lemieux' a envoyé une facture à 'Peter Mctavish'. (3675$) 
[Sun Jul  8 04:55:02 2018] 'Peter Mctavish' a payé une facture qui a été envoyé par 'Marc Lemieux'. (3675$)
[Sun Jul  8 04:57:49 2018] 'Ding Dong Un' a payé une modification au Benny's. (-14771$)
[Sun Jul  8 04:58:22 2018] 'Ding Dong Un' a payé une modification au Benny's. (-11640$)
[Sun Jul  8 04:58:22 2018] 'Marc Lemieux' a payé une modification au Benny's. (-907$)
[Sun Jul  8 04:58:29 2018] 'Ding Dong Un' a payé une modification au Benny's. (-12105$)
[Sun Jul  8 04:58:38 2018] 'Marc Lemieux' a payé une modification au Benny's. (-616$)
[Sun Jul  8 04:58:43 2018] 'Ding Dong Un' a payé une modification au Benny's. (-5580$)
[Sun Jul  8 04:58:48 2018] 'Ding Dong Un' a payé une modification au Benny's. (-7393$)
[Sun Jul  8 04:58:59 2018] 'Marc Lemieux' a envoyé une facture à 'Luis Fernando Desito'. (700$) 
[Sun Jul  8 04:59:03 2018] 'Luis Fernando Desito' a payé une facture qui a été envoyé par 'Marc Lemieux'. (700$)
[Sun Jul  8 04:59:14 2018] 'Ding Dong Un' a payé une modification au Benny's. (-1736$)
[Sun Jul  8 04:59:25 2018] 'Ding Dong Un' a payé une modification au Benny's. (-4216$)
[Sun Jul  8 05:00:25 2018] 'Ding Dong Un' a envoyé une facture à 'Fortini Rodriguez'. (71200$) 
[Sun Jul  8 05:00:30 2018] 'Fortini Rodriguez' a payé une facture qui a été envoyé par 'Ding Dong Un'. (71200$)
[Sun Jul  8 05:20:17 2018] 'Ding Dong Un' a payé une modification au Benny's. (-1980$)
[Sun Jul  8 05:20:21 2018] 'Ding Dong Un' a payé une modification au Benny's. (-5241$)
[Sun Jul  8 05:20:25 2018] 'Ding Dong Un' a payé une modification au Benny's. (-4130$)
[Sun Jul  8 05:20:28 2018] 'Ding Dong Un' a payé une modification au Benny's. (-4295$)
[Sun Jul  8 05:20:37 2018] 'Ding Dong Un' a payé une modification au Benny's. (-616$)
[Sun Jul  8 05:20:46 2018] 'Ding Dong Un' a payé une modification au Benny's. (-1496$)
[Sun Jul  8 05:21:15 2018] 'Ding Dong Un' a payé une modification au Benny's. (-907$)
[Sun Jul  8 05:21:51 2018] 'Ding Dong Un' a payé une modification au Benny's. (-616$)
[Sun Jul  8 05:22:32 2018] 'Ding Dong Un' a envoyé une facture à 'David Henner'. (32570$) 
[Sun Jul  8 05:22:36 2018] 'David Henner' a payé une facture qui a été envoyé par 'Ding Dong Un'. (32570$)
[Sun Jul  8 05:22:39 2018] 'Marc Lemieux' a payé une modification au Benny's. (-9460$)
[Sun Jul  8 05:23:00 2018] 'Marc Lemieux' a payé une modification au Benny's. (-12040$)
[Sun Jul  8 05:23:10 2018] 'Marc Lemieux' a payé une modification au Benny's. (-9460$)
[Sun Jul  8 05:23:48 2018] 'Marc Lemieux' a envoyé une facture à 'Wong Lei'. (33000$) 
[Sun Jul  8 05:23:51 2018] 'Wong Lei' a payé une facture qui a été envoyé par 'Marc Lemieux'. (33000$)
[Sun Jul  8 05:26:02 2018] 'Marc Lemieux' a payé une modification au Benny's. (-2160$)
[Sun Jul  8 05:26:04 2018] 'Marc Lemieux' a payé une modification au Benny's. (-5718$)
[Sun Jul  8 05:26:05 2018] 'Marc Lemieux' a payé une modification au Benny's. (-2862$)
[Sun Jul  8 05:26:06 2018] 'Marc Lemieux' a payé une modification au Benny's. (-4506$)
[Sun Jul  8 05:26:08 2018] 'Marc Lemieux' a payé une modification au Benny's. (-4686$)
[Sun Jul  8 05:27:22 2018] 'Marc Lemieux' a payé une modification au Benny's. (-1590$)
[Sun Jul  8 05:27:41 2018] 'Marc Lemieux' a payé une modification au Benny's. (-1590$)
[Sun Jul  8 05:28:04 2018] 'Marc Lemieux' a payé une modification au Benny's. (-1272$)
[Sun Jul  8 05:28:22 2018] 'Marc Lemieux' a payé une modification au Benny's. (-1728$)
[Sun Jul  8 05:28:31 2018] 'Marc Lemieux' a payé une modification au Benny's. (-1032$)
[Sun Jul  8 05:29:03 2018] 'Marc Lemieux' a payé une modification au Benny's. (-1272$)
[Sun Jul  8 05:29:24 2018] 'Marc Lemieux' a payé une modification au Benny's. (-1272$)
[Sun Jul  8 05:30:02 2018] 'Marc Lemieux' a payé une modification au Benny's. (-1272$)
[Sun Jul  8 05:30:11 2018] 'Marc Lemieux' a payé une modification au Benny's. (-672$)
[Sun Jul  8 05:31:04 2018] 'Marc Lemieux' a payé une modification au Benny's. (-672$)
[Sun Jul  8 05:31:27 2018] 'Marc Lemieux' a payé une modification au Benny's. (-528$)
[Sun Jul  8 05:32:22 2018] 'Marc Lemieux' a payé une modification au Benny's. (-990$)
[Sun Jul  8 05:32:33 2018] 'Marc Lemieux' a payé une modification au Benny's. (-660$)
[Sun Jul  8 05:32:52 2018] 'Marc Lemieux' a payé une modification au Benny's. (-672$)
[Sun Jul  8 05:32:57 2018] 'Marc Lemieux' a payé une modification au Benny's. (-1632$)
[Sun Jul  8 05:32:59 2018] 'Marc Lemieux' a payé une modification au Benny's. (-1632$)
[Sun Jul  8 05:34:11 2018] 'Marc Lemieux' a envoyé une facture à 'Mamadou Lagonoway'. (167500$) 
[Sun Jul  8 05:34:21 2018] 'Mamadou Lagonoway' a payé une facture qui a été envoyé par 'Marc Lemieux'. (167500$)
[Sun Jul  8 05:36:26 2018] 'Marc Lemieux' a payé une modification au Benny's. (-1980$)
[Sun Jul  8 05:36:27 2018] 'Marc Lemieux' a payé une modification au Benny's. (-5241$)
[Sun Jul  8 05:36:29 2018] 'Marc Lemieux' a payé une modification au Benny's. (-2623$)
[Sun Jul  8 05:36:30 2018] 'Marc Lemieux' a payé une modification au Benny's. (-4130$)
[Sun Jul  8 05:36:31 2018] 'Marc Lemieux' a payé une modification au Benny's. (-4295$)
[Sun Jul  8 05:37:19 2018] 'Bob Laplante' a payé une modification au Benny's. (-6480$)
[Sun Jul  8 05:37:25 2018] 'Bob Laplante' a payé une modification au Benny's. (-17154$)
[Sun Jul  8 05:37:40 2018] 'Bob Laplante' a payé une modification au Benny's. (-8585$)
[Sun Jul  8 05:37:45 2018] 'Marc Lemieux' a payé une modification au Benny's. (-616$)
[Sun Jul  8 05:37:49 2018] 'Bob Laplante' a payé une modification au Benny's. (-13518$)
[Sun Jul  8 05:37:51 2018] 'Bob Laplante' a payé une modification au Benny's. (-14058$)
[Sun Jul  8 05:38:07 2018] 'Bob Laplante' a payé une modification au Benny's. (-2016$)
[Sun Jul  8 05:38:09 2018] 'Marc Lemieux' a payé une modification au Benny's. (-1166$)
[Sun Jul  8 05:38:24 2018] 'Bob Laplante' a payé une modification au Benny's. (-4896$)
[Sun Jul  8 05:38:43 2018] 'Bob Laplante' a payé une modification au Benny's. (-2016$)
[Sun Jul  8 05:38:49 2018] 'Ding Dong Un' a payé une modification au Benny's. (-4531$)
[Sun Jul  8 05:38:51 2018] 'Bob Laplante' a payé une modification au Benny's. (-1584$)
[Sun Jul  8 05:39:07 2018] 'Bob Laplante' a payé une modification au Benny's. (-2016$)
[Sun Jul  8 05:39:08 2018] 'Ding Dong Un' a payé une modification au Benny's. (-1064$)
[Sun Jul  8 05:39:44 2018] 'Bob Laplante' a payé une modification au Benny's. (-1188$)
[Sun Jul  8 05:39:55 2018] 'Ding Dong Un' a payé une modification au Benny's. (-627$)
[Sun Jul  8 05:39:59 2018] 'Marc Lemieux' a payé une modification au Benny's. (-2304$)
[Sun Jul  8 05:40:50 2018] 'Ding Dong Un' a envoyé une facture à 'Alex Bouchard'. (7600$) 
[Sun Jul  8 05:40:54 2018] 'Alex Bouchard' a payé une facture qui a été envoyé par 'Ding Dong Un'. (7600$)
[Sun Jul  8 05:41:48 2018] 'Bob Laplante' a payé une modification au Benny's. (-2970$)
[Sun Jul  8 05:42:40 2018] 'Ding Dong Un' a payé une modification au Benny's. (-1980$)
[Sun Jul  8 05:42:41 2018] 'Ding Dong Un' a payé une modification au Benny's. (-5241$)
[Sun Jul  8 05:42:47 2018] 'Ding Dong Un' a payé une modification au Benny's. (-2860$)
[Sun Jul  8 05:42:48 2018] 'Ding Dong Un' a payé une modification au Benny's. (-4130$)
[Sun Jul  8 05:42:50 2018] 'Ding Dong Un' a payé une modification au Benny's. (-4295$)
[Sun Jul  8 05:42:54 2018] 'Bob Laplante' a payé une modification au Benny's. (-3816$)
[Sun Jul  8 05:43:07 2018] 'Marc Lemieux' a payé une modification au Benny's. (-1457$)
[Sun Jul  8 05:43:30 2018] 'Bob Laplante' a envoyé une facture à 'Pedro Bautista'. (87681$) 
[Sun Jul  8 05:43:31 2018] 'Marc Lemieux' a payé une modification au Benny's. (-1584$)
[Sun Jul  8 05:43:48 2018] 'Pedro Bautista' a payé une facture qui a été envoyé par 'Bob Laplante'. (87681$)
[Sun Jul  8 05:44:01 2018] 'Ding Dong Un' a payé une modification au Benny's. (-1166$)
[Sun Jul  8 05:44:12 2018] 'Marc Lemieux' a payé une modification au Benny's. (-946$)
[Sun Jul  8 05:44:56 2018] 'Ding Dong Un' a payé une modification au Benny's. (-1166$)
[Sun Jul  8 05:45:06 2018] 'Marc Lemieux' a payé une modification au Benny's. (-1166$)
[Sun Jul  8 05:45:38 2018] 'Ding Dong Un' a payé une modification au Benny's. (-1166$)
[Sun Jul  8 05:45:46 2018] 'Marc Lemieux' a payé une modification au Benny's. (-1166$)
[Sun Jul  8 05:45:59 2018] 'Marc Lemieux' a payé une modification au Benny's. (-869$)
[Sun Jul  8 05:46:03 2018] 'Ding Dong Un' a payé une modification au Benny's. (-616$)
[Sun Jul  8 05:46:07 2018] 'Ding Dong Un' a payé une modification au Benny's. (-1496$)
[Sun Jul  8 05:46:09 2018] 'Marc Lemieux' a payé une modification au Benny's. (-1419$)
[Sun Jul  8 05:46:19 2018] 'Marc Lemieux' a payé une modification au Benny's. (-616$)
[Sun Jul  8 05:46:33 2018] 'Marc Lemieux' a payé une modification au Benny's. (-2304$)
[Sun Jul  8 05:46:51 2018] 'Ding Dong Un' a payé une modification au Benny's. (-907$)
[Sun Jul  8 05:47:00 2018] 'Ding Dong Un' a payé une modification au Benny's. (-363$)
[Sun Jul  8 05:47:14 2018] 'Marc Lemieux' a payé une modification au Benny's. (-946$)
[Sun Jul  8 05:47:19 2018] 'Marc Lemieux' a payé une modification au Benny's. (-946$)
[Sun Jul  8 05:47:31 2018] 'Ding Dong Un' a payé une modification au Benny's. (-616$)
[Sun Jul  8 05:47:50 2018] 'Marc Lemieux' a payé une modification au Benny's. (-1716$)
[Sun Jul  8 05:48:12 2018] 'Ding Dong Un' a envoyé une facture à 'bada morin'. (51470$) 
[Sun Jul  8 05:48:16 2018] 'bada morin' a payé une facture qui a été envoyé par 'Ding Dong Un'. (51470$)
[Sun Jul  8 05:48:27 2018] 'Marc Lemieux' a payé une modification au Benny's. (-1639$)
[Sun Jul  8 05:48:47 2018] 'Marc Lemieux' a payé une modification au Benny's. (-616$)
[Sun Jul  8 05:49:10 2018] 'Marc Lemieux' a payé une modification au Benny's. (-616$)
[Sun Jul  8 05:50:04 2018] 'Marc Lemieux' a payé une modification au Benny's. (-1496$)
[Sun Jul  8 05:50:12 2018] 'Marc Lemieux' a payé une modification au Benny's. (-605$)
[Sun Jul  8 05:50:39 2018] 'Marc Lemieux' a payé une modification au Benny's. (-605$)
[Sun Jul  8 05:51:09 2018] 'Ding Dong Un' a payé une modification au Benny's. (-4140$)
[Sun Jul  8 05:51:10 2018] 'Ding Dong Un' a payé une modification au Benny's. (-10959$)
[Sun Jul  8 05:51:21 2018] 'Ding Dong Un' a payé une modification au Benny's. (-5485$)
[Sun Jul  8 05:51:23 2018] 'Ding Dong Un' a payé une modification au Benny's. (-8636$)
[Sun Jul  8 05:51:24 2018] 'Ding Dong Un' a payé une modification au Benny's. (-8981$)
[Sun Jul  8 05:51:25 2018] 'Marc Lemieux' a payé une modification au Benny's. (-819$)
[Sun Jul  8 05:51:35 2018] 'Ding Dong Un' a payé une modification au Benny's. (-1288$)
[Sun Jul  8 05:51:41 2018] 'Ding Dong Un' a payé une modification au Benny's. (-3128$)
[Sun Jul  8 05:52:14 2018] 'Ding Dong Un' a payé une modification au Benny's. (-1288$)
[Sun Jul  8 05:52:23 2018] 'Ding Dong Un' a payé une modification au Benny's. (-1012$)
[Sun Jul  8 05:53:52 2018] 'Ding Dong Un' a payé une modification au Benny's. (-1897$)
[Sun Jul  8 05:54:00 2018] 'Ding Dong Un' a payé une modification au Benny's. (-759$)
[Sun Jul  8 05:54:34 2018] 'Ding Dong Un' a envoyé une facture à 'bada morin'. (71250$) 
[Sun Jul  8 05:54:44 2018] 'bada morin' a payé une facture qui a été envoyé par 'Ding Dong Un'. (71250$)
[Sun Jul  8 06:21:35 2018] 'Marc Lemieux' a payé une modification au Benny's. (-1204$)
[Sun Jul  8 06:22:04 2018] 'Marc Lemieux' a payé une modification au Benny's. (-1419$)
[Sun Jul  8 06:22:13 2018] 'Marc Lemieux' a payé une modification au Benny's. (-616$)
[Sun Jul  8 06:22:34 2018] 'Marc Lemieux' a payé une modification au Benny's. (-616$)
[Sun Jul  8 06:22:47 2018] 'Marc Lemieux' a payé une modification au Benny's. (-616$)
[Sun Jul  8 06:24:22 2018] 'Marc Lemieux' a envoyé une facture à 'Mamadou Lagonoway'. (120000$) 
[Sun Jul  8 06:24:28 2018] 'Mamadou Lagonoway' a payé une facture qui a été envoyé par 'Marc Lemieux'. (120000$)
Reboot
