Reboot
[Sat Jul  7 04:12:55 2018] 'John Weiser' a acheté 'riata' pour 'cardealer'.
[Sat Jul  7 04:12:55 2018] Le vendeur 'John Weiser' a acheté riata. (-35000)
[Sat Jul  7 04:13:41 2018] 'Marcel Durang' a acheté un véhicule vendu par 'John Weiser'. (plaque:LKVYEITE) - (model:-1532697517)
[Sat Jul  7 04:16:18 2018] 'John Weiser' a envoyé une facture à 'Merle Dixon'. (7200$) 
[Sat Jul  7 04:16:35 2018] 'Merle Dixon' a payé une facture qui a été envoyé par 'John Weiser'. (7200$)
[Sat Jul  7 04:16:58 2018] 'John Weiser' a acheté 'journey' pour 'cardealer'.
[Sat Jul  7 04:16:58 2018] Le vendeur 'John Weiser' a acheté journey. (-6500)
[Sat Jul  7 04:17:16 2018] 'Merle Dixon' a acheté un véhicule vendu par 'John Weiser'. (plaque:PUKISLUJ) - (model:-120287622)
[Sat Jul  7 05:41:22 2018] 'Matt Stanford' a acheté 'gls63' pour 'cardealer'.
[Sat Jul  7 05:41:22 2018] Le vendeur 'Matt Stanford' a acheté gls63. (-115000)
[Sat Jul  7 19:01:36 2018] 'Johnny Carmoni' a envoyé une facture à 'Pablo Escobar'. (60500$) 
[Sat Jul  7 19:02:31 2018] 'Pablo Escobar' a payé une facture qui a été envoyé par 'Johnny Carmoni'. (60500$)
[Sat Jul  7 19:03:12 2018] 'Johnny Carmoni' a acheté 'silvias15' pour 'cardealer'.
[Sat Jul  7 19:03:12 2018] Le vendeur 'Johnny Carmoni' a acheté silvias15. (-55000)
[Sat Jul  7 19:03:47 2018] 'Pablo Escobar' a acheté un véhicule vendu par 'Johnny Carmoni'. (plaque:ISN9XU1W) - (model:-1390169318)
[Sat Jul  7 19:07:27 2018] 'Johnny Carmoni' a envoyé une facture à 'John Weiser'. (35000$) 
[Sat Jul  7 19:07:31 2018] 'John Weiser' a payé une facture qui a été envoyé par 'Johnny Carmoni'. (35000$)
[Sat Jul  7 19:14:50 2018] 'John Weiser' a acheté 'elcamlow' pour 'cardealer'.
[Sat Jul  7 19:14:50 2018] Le vendeur 'John Weiser' a acheté elcamlow. (-65000)
[Sat Jul  7 19:15:25 2018] 'Johnny Carmoni' a envoyé une facture à 'John Weiser'. (65000$) 
[Sat Jul  7 19:15:28 2018] 'John Weiser' a payé une facture qui a été envoyé par 'Johnny Carmoni'. (65000$)
[Sat Jul  7 19:16:42 2018] 'John Weiser' a acheté un véhicule vendu par 'Johnny Carmoni'. (plaque:6OJAF8LG) - (model:1883773822)
[Sat Jul  7 19:31:50 2018] 'Johnny Carmoni' a envoyé une facture à 'bada morin'. (60500$) 
[Sat Jul  7 19:31:53 2018] 'bada morin' a payé une facture qui a été envoyé par 'Johnny Carmoni'. (60500$)
[Sat Jul  7 19:32:13 2018] 'Johnny Carmoni' a acheté 'e34m5' pour 'cardealer'.
[Sat Jul  7 19:32:13 2018] Le vendeur 'Johnny Carmoni' a acheté e34m5. (-55000)
[Sat Jul  7 19:34:11 2018] 'bada morin' a acheté un véhicule vendu par 'Johnny Carmoni'. (plaque:TK0HWTLC) - (model:612427351)
[Sat Jul  7 19:34:54 2018] 'John Weiser' a acheté 'trophy4' pour 'cardealer'.
[Sat Jul  7 19:34:54 2018] Le vendeur 'John Weiser' a acheté trophy4. (-62000)
[Sat Jul  7 19:35:06 2018] 'John Weiser' a envoyé une facture à 'Johnny Carmoni'. (62000$) 
[Sat Jul  7 19:35:10 2018] 'Johnny Carmoni' a payé une facture qui a été envoyé par 'John Weiser'. (62000$)
[Sat Jul  7 19:35:33 2018] 'Johnny Carmoni' a acheté un véhicule vendu par 'John Weiser'. (plaque:L1XYWR3V) - (model:-2062992163)
Reboot
[Sat Jul  7 20:59:00 2018] 'John Weiser' a envoyé une facture à 'Bob Latouche'. (270000$) 
[Sat Jul  7 20:59:22 2018] 'Bob Latouche' a payé une facture qui a été envoyé par 'John Weiser'. (270000$)
[Sat Jul  7 20:59:43 2018] 'John Weiser' a acheté 'f824slw' pour 'cardealer'.
[Sat Jul  7 20:59:43 2018] Le vendeur 'John Weiser' a acheté f824slw. (-245000)
[Sat Jul  7 21:00:09 2018] 'Bobby Latouche' a acheté un véhicule vendu par 'John Weiser'. (plaque:YR5SBZSV) - (model:344072585)
[Sat Jul  7 21:01:03 2018] 'John Weiser' a envoyé une facture à 'Luis Fernando Desito'. (60500$) 
[Sat Jul  7 21:01:26 2018] 'Luis Fernando Desito' a payé une facture qui a été envoyé par 'John Weiser'. (60500$)
[Sat Jul  7 21:01:48 2018] 'John Weiser' a acheté 'r32' pour 'cardealer'.
[Sat Jul  7 21:01:48 2018] Le vendeur 'John Weiser' a acheté r32. (-55000)
[Sat Jul  7 21:02:33 2018] 'Luis Fernando Desito' a acheté un véhicule vendu par 'John Weiser'. (plaque:U1OCPPTQ) - (model:-1942693832)
[Sat Jul  7 21:12:25 2018] 'John Weiser' a envoyé une facture à 'David Henner'. (60500$) 
[Sat Jul  7 21:12:37 2018] 'David Henner' a payé une facture qui a été envoyé par 'John Weiser'. (60500$)
[Sat Jul  7 21:13:01 2018] 'John Weiser' a acheté 'patriot' pour 'cardealer'.
[Sat Jul  7 21:13:01 2018] Le vendeur 'John Weiser' a acheté patriot. (-55000)
[Sat Jul  7 21:17:44 2018] 'David Henner' a acheté un véhicule vendu par 'John Weiser'. (plaque:KHHGI2LA) - (model:-808457413)
[Sat Jul  7 21:19:29 2018] 'John Weiser' a envoyé une facture à 'bada morin'. (126500$) 
[Sat Jul  7 21:19:35 2018] 'bada morin' a payé une facture qui a été envoyé par 'John Weiser'. (126500$)
[Sat Jul  7 21:19:56 2018] 'bada morin' a acheté un véhicule vendu par 'John Weiser'. (plaque:UTBJHVSD) - (model:1937686957)
[Sat Jul  7 22:01:37 2018] 'John Weiser' a envoyé une facture à 'Mathis Viau'. (33000$) 
[Sat Jul  7 22:01:41 2018] 'Mathis Viau' a payé une facture qui a été envoyé par 'John Weiser'. (33000$)
[Sat Jul  7 22:02:05 2018] 'John Weiser' a acheté 'bf400' pour 'cardealer'.
[Sat Jul  7 22:02:05 2018] Le vendeur 'John Weiser' a acheté bf400. (-7500)
[Sat Jul  7 22:02:40 2018] 'Mathis Viau' a acheté un véhicule vendu par 'John Weiser'. (plaque:DSO2JG3T) - (model:86520421)
[Sat Jul  7 22:04:16 2018] 'John Weiser' a envoyé une facture à 'Jason Mcool'. (60500$) 
[Sat Jul  7 22:04:23 2018] 'Jason Mcool' a payé une facture qui a été envoyé par 'John Weiser'. (60500$)
[Sat Jul  7 22:04:48 2018] 'John Weiser' a acheté 'ae86' pour 'cardealer'.
[Sat Jul  7 22:04:48 2018] Le vendeur 'John Weiser' a acheté ae86. (-55000)
[Sat Jul  7 22:05:44 2018] 'Jason Mcool' a acheté un véhicule vendu par 'John Weiser'. (plaque:OJJUWKIR) - (model:-707080126)
[Sat Jul  7 22:09:30 2018] 'John Weiser' a envoyé une facture à 'alexandre depatie'. (12100$) 
[Sat Jul  7 22:12:07 2018] 'alexandre depatie' a payé une facture qui a été envoyé par 'John Weiser'. (12100$)
[Sat Jul  7 22:13:27 2018] 'John Weiser' a acheté 'civicsi' pour 'cardealer'.
[Sat Jul  7 22:13:27 2018] Le vendeur 'John Weiser' a acheté civicsi. (-11000)
[Sat Jul  7 22:14:16 2018] 'alexandre depatie' a acheté un véhicule vendu par 'John Weiser'. (plaque:Y9JDFDU3) - (model:-716824881)
[Sun Jul  8 00:07:32 2018] 'John Weiser' a acheté 'rs6pd600' pour 'cardealer'.
[Sun Jul  8 00:07:32 2018] Le vendeur 'John Weiser' a acheté rs6pd600. (-180000)
[Sun Jul  8 00:08:01 2018] 'John Weiser' a envoyé une facture à 'Radomir Bravinovic'. (180000$) 
[Sun Jul  8 00:08:04 2018] 'Radomir Bravinovic' a payé une facture qui a été envoyé par 'John Weiser'. (180000$)
[Sun Jul  8 00:08:14 2018] 'Peter Mctavish' a acheté un véhicule vendu par 'John Weiser'. (plaque:JU7QCRBE) - (model:2034890814)
[Sun Jul  8 00:10:43 2018] 'John Weiser' a envoyé une facture à 'Peter Mctavish'. (1$) 
[Sun Jul  8 00:10:57 2018] 'Peter Mctavish' a payé une facture qui a été envoyé par 'John Weiser'. (1$)
[Sun Jul  8 00:36:27 2018] 'John Weiser' a envoyé une facture à 'Alex Bouchard'. (104500$) 
[Sun Jul  8 00:36:31 2018] 'Alex Bouchard' a payé une facture qui a été envoyé par 'John Weiser'. (104500$)
[Sun Jul  8 00:37:04 2018] 'John Weiser' a acheté 'boss302' pour 'cardealer'.
[Sun Jul  8 00:37:04 2018] Le vendeur 'John Weiser' a acheté boss302. (-95000)
[Sun Jul  8 00:38:20 2018] 'Alex Bouchard' a acheté un véhicule vendu par 'John Weiser'. (plaque:OXONEMKO) - (model:-32005528)
[Sun Jul  8 00:39:55 2018] 'John Weiser' a acheté 'gt500' pour 'cardealer'.
[Sun Jul  8 00:39:55 2018] Le vendeur 'John Weiser' a acheté gt500. (-60000)
[Sun Jul  8 00:41:31 2018] 'Peter Mctavish' a acheté un véhicule vendu par 'John Weiser'. (plaque:GT00GXDF) - (model:-2079788230)
[Sun Jul  8 00:42:29 2018] 'John Weiser' a envoyé une facture à 'enzo archambault'. (66000$) 
[Sun Jul  8 00:42:35 2018] 'enzo archambault' a payé une facture qui a été envoyé par 'John Weiser'. (66000$)
[Sun Jul  8 00:43:05 2018] 'John Weiser' a acheté 'supra2' pour 'cardealer'.
[Sun Jul  8 00:43:05 2018] Le vendeur 'John Weiser' a acheté supra2. (-60000)
[Sun Jul  8 00:43:26 2018] 'enzo archambault' a acheté un véhicule vendu par 'John Weiser'. (plaque:4RWQGDIM) - (model:-2120897359)
[Sun Jul  8 00:44:19 2018] 'John Weiser' a envoyé une facture à 'Edward Zito'. (38000$) 
[Sun Jul  8 00:44:27 2018] 'Edward Zito' a payé une facture qui a été envoyé par 'John Weiser'. (38000$)
[Sun Jul  8 00:44:53 2018] 'John Weiser' a acheté 'evo9' pour 'cardealer'.
[Sun Jul  8 00:44:53 2018] Le vendeur 'John Weiser' a acheté evo9. (-35000)
[Sun Jul  8 00:45:17 2018] 'Edward Zito' a acheté un véhicule vendu par 'John Weiser'. (plaque:SFVERVA0) - (model:-228528329)
[Sun Jul  8 01:42:15 2018] 'Albert Pasquier' a acheté 'tribike2' pour 'cardealer'.
[Sun Jul  8 01:42:15 2018] Le vendeur 'Albert Pasquier' a acheté tribike2. (-250)
[Sun Jul  8 01:48:38 2018] 'Bobby Latouche' a envoyé une facture à 'Albert Pasquier'. (7500$) 
[Sun Jul  8 01:48:46 2018] 'Albert Pasquier' a payé une facture qui a été envoyé par 'Bobby Latouche'. (7500$)
[Sun Jul  8 02:12:50 2018] 'John Weiser' a acheté 'sq72016' pour 'cardealer'.
[Sun Jul  8 02:12:50 2018] Le vendeur 'John Weiser' a acheté sq72016. (-95000)
[Sun Jul  8 02:13:20 2018] 'Bobby Latouche' a acheté un véhicule vendu par 'John Weiser'. (plaque:ZVYF0SOG) - (model:119794591)
[Sun Jul  8 02:35:57 2018] 'Albert Pasquier' a acheté 'sq72016' pour 'cardealer'.
[Sun Jul  8 02:35:58 2018] Le vendeur 'Albert Pasquier' a acheté sq72016. (-95000)
[Sun Jul  8 02:37:22 2018] 'Bernard Court' a acheté un véhicule vendu par 'Albert Pasquier'. (plaque:O7XSLEZO) - (model:119794591)
[Sun Jul  8 02:40:12 2018] 'Albert Pasquier' a acheté 'DELSOLEG' pour 'cardealer'.
[Sun Jul  8 02:40:12 2018] Le vendeur 'Albert Pasquier' a acheté DELSOLEG. (-12000)
[Sun Jul  8 03:12:58 2018] 'Bobby Latouche' a envoyé une facture à 'Tony Lorenzo'. (198000$) 
[Sun Jul  8 03:13:02 2018] 'Tony Lorenzo' a payé une facture qui a été envoyé par 'Bobby Latouche'. (198000$)
[Sun Jul  8 03:13:16 2018] 'Bobby Latouche' a acheté 'rs6pd600' pour 'cardealer'.
[Sun Jul  8 03:13:16 2018] Le vendeur 'Bobby Latouche' a acheté rs6pd600. (-180000)
[Sun Jul  8 03:14:17 2018] 'Tony Lorenzo' a acheté un véhicule vendu par 'Bobby Latouche'. (plaque:UBEEQ8JN) - (model:2034890814)
[Sun Jul  8 03:19:37 2018] 'Bobby Latouche' a envoyé une facture à 'Sebastian Théodorescu'. (126500$) 
[Sun Jul  8 03:21:48 2018] 'Sebastian Théodorescu' a payé une facture qui a été envoyé par 'Bobby Latouche'. (126500$)
[Sun Jul  8 03:22:11 2018] 'Bobby Latouche' a acheté 'gls63' pour 'cardealer'.
[Sun Jul  8 03:22:11 2018] Le vendeur 'Bobby Latouche' a acheté gls63. (-115000)
[Sun Jul  8 03:25:22 2018] 'Sebastian Théodorescu' a acheté un véhicule vendu par 'Bobby Latouche'. (plaque:0SNDCNBC) - (model:1937686957)
[Sun Jul  8 03:31:08 2018] 'Albert Pasquier' a acheté 'urus2018' pour 'cardealer'.
[Sun Jul  8 03:31:08 2018] Le vendeur 'Albert Pasquier' a acheté urus2018. (-515000)
[Sun Jul  8 03:31:50 2018] 'Albert Pasquier' a envoyé une facture à 'Jaen Mcool'. (605000$) 
[Sun Jul  8 03:31:59 2018] 'Jaen Mcool' a acheté un véhicule vendu par 'Albert Pasquier'. (plaque:RMPEBRVE) - (model:1094481404)
[Sun Jul  8 03:32:56 2018] 'Jaen Mcool' a payé une facture qui a été envoyé par 'Albert Pasquier'. (605000$)
[Sun Jul  8 03:40:21 2018] 'Albert Pasquier' a acheté 'sq72016' pour 'cardealer'.
[Sun Jul  8 03:40:21 2018] Le vendeur 'Albert Pasquier' a acheté sq72016. (-95000)
[Sun Jul  8 03:40:38 2018] 'Matt Stanford' a acheté un véhicule vendu par 'Albert Pasquier'. (plaque:KUFPP5PX) - (model:119794591)
[Sun Jul  8 04:16:44 2018] 'Bobby Latouche' a envoyé une facture à 'Pedro Bautista'. (198000$) 
[Sun Jul  8 04:17:21 2018] 'Bobby Latouche' a envoyé une facture à 'Mamadou Lagonoway'. (60500$) 
[Sun Jul  8 04:17:28 2018] 'Mamadou Lagonoway' a payé une facture qui a été envoyé par 'Bobby Latouche'. (60500$)
[Sun Jul  8 04:17:58 2018] 'Bobby Latouche' a acheté 'f82' pour 'cardealer'.
[Sun Jul  8 04:17:58 2018] Le vendeur 'Bobby Latouche' a acheté f82. (-55000)
[Sun Jul  8 04:19:33 2018] 'Mamadou Lagonoway' a acheté un véhicule vendu par 'Bobby Latouche'. (plaque:ZHINLOLK) - (model:1998346768)
[Sun Jul  8 04:21:10 2018] 'Bobby Latouche' a acheté 'p7' pour 'cardealer'.
[Sun Jul  8 04:21:10 2018] Le vendeur 'Bobby Latouche' a acheté p7. (-1220000)
[Sun Jul  8 04:21:54 2018] 'Bobby Latouche' a envoyé une facture à 'Matt Stanford'. (1342000$) 
[Sun Jul  8 04:21:58 2018] 'Matt Stanford' a payé une facture qui a été envoyé par 'Bobby Latouche'. (1342000$)
[Sun Jul  8 04:22:04 2018] 'Matt Stanford' a acheté un véhicule vendu par 'Bobby Latouche'. (plaque:7BM9VYWN) - (model:1524511588)
[Sun Jul  8 04:22:15 2018] 'Pedro Bautista' a payé une facture qui a été envoyé par 'Bobby Latouche'. (198000$)
[Sun Jul  8 04:23:34 2018] 'Bobby Latouche' a acheté 'rs6pd600' pour 'cardealer'.
[Sun Jul  8 04:23:34 2018] Le vendeur 'Bobby Latouche' a acheté rs6pd600. (-180000)
[Sun Jul  8 04:24:10 2018] 'Pedro Bautista' a acheté un véhicule vendu par 'Bobby Latouche'. (plaque:Q9ACXMKB) - (model:2034890814)
[Sun Jul  8 04:36:36 2018] 'Bobby Latouche' a acheté 'c7' pour 'cardealer'.
[Sun Jul  8 04:36:36 2018] Le vendeur 'Bobby Latouche' a acheté c7. (-155000)
[Sun Jul  8 04:37:08 2018] 'Bobby Latouche' a envoyé une facture à 'Fortini Rodriguez'. (170500$) 
[Sun Jul  8 04:37:27 2018] 'Fortini Rodriguez' a payé une facture qui a été envoyé par 'Bobby Latouche'. (170500$)
[Sun Jul  8 04:38:06 2018] 'Fortini Rodriguez' a acheté un véhicule vendu par 'Bobby Latouche'. (plaque:WY5PFBA3) - (model:874739883)
[Sun Jul  8 07:16:04 2018] 'bada morin' a envoyé une facture à 'iTof Meyachev'. (8000000$) 
[Sun Jul  8 07:16:09 2018] 'iTof Meyachev' a payé une facture qui a été envoyé par 'bada morin'. (8000000$)
[Sun Jul  8 07:16:34 2018] 'bada morin' a acheté 'camaross' pour 'cardealer'.
[Sun Jul  8 07:16:34 2018] Le vendeur 'bada morin' a acheté camaross. (-8000000)
[Sun Jul  8 07:16:52 2018] 'iTof Meyachev' a acheté un véhicule vendu par 'bada morin'. (plaque:N3IRGJV1) - (model:-1410674667)
Reboot
Reboot
Reboot
Reboot
Reboot
Reboot
Reboot
Reboot
Reboot
Reboot
Reboot
Reboot
Reboot
Reboot
Reboot
Reboot
Reboot
Reboot
Reboot
Reboot
Reboot
Reboot
Reboot
Reboot
Reboot
Reboot
Reboot
Reboot
Reboot
Reboot
Reboot
Reboot
Reboot
Reboot
Reboot
Reboot
Reboot
Reboot
Reboot
Reboot
Reboot
Reboot
Reboot
Reboot
Reboot
Reboot
Reboot
Reboot
Reboot
Reboot
Reboot
Reboot
Reboot
Reboot
Reboot
Reboot
Reboot
Reboot
Reboot
Reboot
Reboot
Reboot
Reboot
Reboot
Reboot
Reboot
Reboot
Reboot
Reboot
Reboot
Reboot
Reboot
Reboot
Reboot
Reboot
Reboot
Reboot
Reboot
Reboot
Reboot
Reboot
Reboot
Reboot
Reboot
Reboot
Reboot
Reboot
Reboot
Reboot
Reboot
Reboot
Reboot
Reboot
Reboot
Reboot
